<?xml version="1.0" encoding="UTF-8"?>
<!-- Generated by org.testng.reporters.JUnitXMLReporter -->
<testsuite ignored="0" hostname="DESKTOP-I8MB0R4" failures="0" tests="3" name="Default test" time="50.966" errors="0" timestamp="2024-08-30T17:14:44 EDT">
  <testcase classname="Demo.OrangeHRM" name="InvalidCredentials" time="13.051"/>
  <testcase classname="Demo.OrangeHRM" name="loginTestWithValidCredentials" time="10.326"/>
  <testcase classname="Demo.OrangeHRM" name="logOut" time="12.215"/>
</testsuite> <!-- Default test -->
